		Initializing .... 

Total memory allocated = 5448052
		Begin Printing Seed information

Seed point: 8 11 	Path 0 0 	User path -1 -1 -1

---------------------

Print path: 



[8 11] 

		Begin Printing Seed information

Seed point: 8 11 	Path 0 20 	User path 0 110 0

Seed point: 22 5 	Path 21 21 	User path 110 110 110

---------------------

Print path: 



[8 11] [9 11] [10 11] [11 11] [12 11] [13 11] [14 11] 
[14 10] [15 10] [15 9] [16 9] [16 8] [17 8] [17 7] 
[18 7] [18 6] [19 6] [20 6] [20 5] [21 5] [22 5] 
[22 5] 

		Begin Printing Seed information

Seed point: 8 11 	Path 0 20 	User path 0 110 0

Seed point: 22 5 	Path 21 27 	User path 110 163 110

Seed point: 25 8 	Path 28 28 	User path 163 163 163

---------------------

Print path: 



[8 11] [9 11] [10 11] [11 11] [12 11] [13 11] [14 11] 
[14 10] [15 10] [15 9] [16 9] [16 8] [17 8] [17 7] 
[18 7] [18 6] [19 6] [20 6] [20 5] [21 5] [22 5] 
[22 5] [22 6] [22 7] [22 8] [23 8] [24 8] [25 8] 
[25 8] 

		Begin Printing Seed information

Seed point: 8 11 	Path 0 20 	User path 0 110 0

Seed point: 22 5 	Path 21 27 	User path 110 163 110

Seed point: 25 8 	Path 28 32 	User path 163 233 163

Seed point: 24 11 	Path 33 33 	User path 233 233 233

---------------------

Print path: 



[8 11] [9 11] [10 11] [11 11] [12 11] [13 11] [14 11] 
[14 10] [15 10] [15 9] [16 9] [16 8] [17 8] [17 7] 
[18 7] [18 6] [19 6] [20 6] [20 5] [21 5] [22 5] 
[22 5] [22 6] [22 7] [22 8] [23 8] [24 8] [25 8] 
[25 8] [24 8] [24 9] [24 10] [24 11] [24 11] 

		Begin Printing Seed information

Seed point: 8 11 	Path 0 20 	User path 0 110 0

Seed point: 22 5 	Path 21 27 	User path 110 163 110

Seed point: 25 8 	Path 28 32 	User path 163 233 163

Seed point: 24 11 	Path 33 42 	User path 233 267 233

Seed point: 19 15 	Path 43 43 	User path 267 267 267

---------------------

Print path: 



[8 11] [9 11] [10 11] [11 11] [12 11] [13 11] [14 11] 
[14 10] [15 10] [15 9] [16 9] [16 8] [17 8] [17 7] 
[18 7] [18 6] [19 6] [20 6] [20 5] [21 5] [22 5] 
[22 5] [22 6] [22 7] [22 8] [23 8] [24 8] [25 8] 
[25 8] [24 8] [24 9] [24 10] [24 11] [24 11] [23 11] 
[22 11] [21 11] [20 11] [20 12] [20 13] [20 14] [19 14] 
[19 15] [19 15] 

		Begin Printing Seed information

Seed point: 8 11 	Path 0 20 	User path 0 110 0

Seed point: 22 5 	Path 21 27 	User path 110 163 110

Seed point: 25 8 	Path 28 32 	User path 163 233 163

Seed point: 24 11 	Path 33 42 	User path 233 267 233

Seed point: 19 15 	Path 43 53 	User path 267 298 267

Seed point: 17 23 	Path 54 54 	User path 298 298 298

---------------------

Print path: 



[8 11] [9 11] [10 11] [11 11] [12 11] [13 11] [14 11] 
[14 10] [15 10] [15 9] [16 9] [16 8] [17 8] [17 7] 
[18 7] [18 6] [19 6] [20 6] [20 5] [21 5] [22 5] 
[22 5] [22 6] [22 7] [22 8] [23 8] [24 8] [25 8] 
[25 8] [24 8] [24 9] [24 10] [24 11] [24 11] [23 11] 
[22 11] [21 11] [20 11] [20 12] [20 13] [20 14] [19 14] 
[19 15] [19 15] [19 16] [19 17] [18 17] [18 18] [18 19] 
[18 20] [18 21] [18 22] [17 22] [17 23] [17 23] 

		Begin Printing Seed information

Seed point: 8 11 	Path 0 20 	User path 0 110 0

Seed point: 22 5 	Path 21 27 	User path 110 163 110

Seed point: 25 8 	Path 28 32 	User path 163 233 163

Seed point: 24 11 	Path 33 42 	User path 233 267 233

Seed point: 19 15 	Path 43 53 	User path 267 298 267

Seed point: 17 23 	Path 54 64 	User path 298 342 298

Seed point: 8 24 	Path 65 65 	User path 342 342 342

---------------------

Print path: 



[8 11] [9 11] [10 11] [11 11] [12 11] [13 11] [14 11] 
[14 10] [15 10] [15 9] [16 9] [16 8] [17 8] [17 7] 
[18 7] [18 6] [19 6] [20 6] [20 5] [21 5] [22 5] 
[22 5] [22 6] [22 7] [22 8] [23 8] [24 8] [25 8] 
[25 8] [24 8] [24 9] [24 10] [24 11] [24 11] [23 11] 
[22 11] [21 11] [20 11] [20 12] [20 13] [20 14] [19 14] 
[19 15] [19 15] [19 16] [19 17] [18 17] [18 18] [18 19] 
[18 20] [18 21] [18 22] [17 22] [17 23] [17 23] [16 23] 
[16 24] [15 24] [14 24] [13 24] [12 24] [11 24] [10 24] 
[9 24] [8 24] [8 24] 

		Begin Printing Seed information

Seed point: 8 11 	Path 0 20 	User path 0 110 0

Seed point: 22 5 	Path 21 27 	User path 110 163 110

Seed point: 25 8 	Path 28 32 	User path 163 233 163

Seed point: 24 11 	Path 33 42 	User path 233 267 233

Seed point: 19 15 	Path 43 53 	User path 267 298 267

Seed point: 17 23 	Path 54 64 	User path 298 342 298

Seed point: 8 24 	Path 65 69 	User path 342 402 342

Seed point: 6 22 	Path 70 70 	User path 402 402 402

---------------------

Print path: 



[8 11] [9 11] [10 11] [11 11] [12 11] [13 11] [14 11] 
[14 10] [15 10] [15 9] [16 9] [16 8] [17 8] [17 7] 
[18 7] [18 6] [19 6] [20 6] [20 5] [21 5] [22 5] 
[22 5] [22 6] [22 7] [22 8] [23 8] [24 8] [25 8] 
[25 8] [24 8] [24 9] [24 10] [24 11] [24 11] [23 11] 
[22 11] [21 11] [20 11] [20 12] [20 13] [20 14] [19 14] 
[19 15] [19 15] [19 16] [19 17] [18 17] [18 18] [18 19] 
[18 20] [18 21] [18 22] [17 22] [17 23] [17 23] [16 23] 
[16 24] [15 24] [14 24] [13 24] [12 24] [11 24] [10 24] 
[9 24] [8 24] [8 24] [7 24] [6 24] [6 23] [6 22] 
[6 22] 

		Begin Printing Seed information

Seed point: 8 11 	Path 0 20 	User path 0 110 0

Seed point: 22 5 	Path 21 27 	User path 110 163 110

Seed point: 25 8 	Path 28 32 	User path 163 233 163

Seed point: 24 11 	Path 33 42 	User path 233 267 233

Seed point: 19 15 	Path 43 53 	User path 267 298 267

Seed point: 17 23 	Path 54 64 	User path 298 342 298

Seed point: 8 24 	Path 65 69 	User path 342 402 342

Seed point: 6 22 	Path 70 82 	User path 402 414 402

Seed point: 5 19 	Path 83 83 	User path 414 414 414

---------------------

Print path: 



[8 11] [9 11] [10 11] [11 11] [12 11] [13 11] [14 11] 
[14 10] [15 10] [15 9] [16 9] [16 8] [17 8] [17 7] 
[18 7] [18 6] [19 6] [20 6] [20 5] [21 5] [22 5] 
[22 5] [22 6] [22 7] [22 8] [23 8] [24 8] [25 8] 
[25 8] [24 8] [24 9] [24 10] [24 11] [24 11] [23 11] 
[22 11] [21 11] [20 11] [20 12] [20 13] [20 14] [19 14] 
[19 15] [19 15] [19 16] [19 17] [18 17] [18 18] [18 19] 
[18 20] [18 21] [18 22] [17 22] [17 23] [17 23] [16 23] 
[16 24] [15 24] [14 24] [13 24] [12 24] [11 24] [10 24] 
[9 24] [8 24] [8 24] [7 24] [6 24] [6 23] [6 22] 
[6 22] [7 22] [7 21] [8 21] [8 20] [8 19] [7 19] 
[7 18] [7 17] [6 17] [5 17] [5 18] [5 19] [5 19] 

		Begin Printing Seed information

Seed point: 8 11 	Path 0 20 	User path 0 110 0

Seed point: 22 5 	Path 21 27 	User path 110 163 110

Seed point: 25 8 	Path 28 32 	User path 163 233 163

Seed point: 24 11 	Path 33 42 	User path 233 267 233

Seed point: 19 15 	Path 43 53 	User path 267 298 267

Seed point: 17 23 	Path 54 64 	User path 298 342 298

Seed point: 8 24 	Path 65 69 	User path 342 402 342

Seed point: 6 22 	Path 70 82 	User path 402 414 402

Seed point: 5 19 	Path 83 87 	User path 414 434 414

Seed point: 5 15 	Path 88 88 	User path 434 434 434

---------------------

Print path: 



[8 11] [9 11] [10 11] [11 11] [12 11] [13 11] [14 11] 
[14 10] [15 10] [15 9] [16 9] [16 8] [17 8] [17 7] 
[18 7] [18 6] [19 6] [20 6] [20 5] [21 5] [22 5] 
[22 5] [22 6] [22 7] [22 8] [23 8] [24 8] [25 8] 
[25 8] [24 8] [24 9] [24 10] [24 11] [24 11] [23 11] 
[22 11] [21 11] [20 11] [20 12] [20 13] [20 14] [19 14] 
[19 15] [19 15] [19 16] [19 17] [18 17] [18 18] [18 19] 
[18 20] [18 21] [18 22] [17 22] [17 23] [17 23] [16 23] 
[16 24] [15 24] [14 24] [13 24] [12 24] [11 24] [10 24] 
[9 24] [8 24] [8 24] [7 24] [6 24] [6 23] [6 22] 
[6 22] [7 22] [7 21] [8 21] [8 20] [8 19] [7 19] 
[7 18] [7 17] [6 17] [5 17] [5 18] [5 19] [5 19] 
[5 18] [5 17] [5 16] [5 15] [5 15] 

User path


[8 11] [8 11] [8 11] [9 11] [9 11] [9 11] [9 11] 
[10 11] [10 11] [10 11] [10 11] [11 11] [11 11] [11 11] 
[12 11] [12 11] [12 11] [12 11] [13 11] [13 11] [13 11] 
[13 12] [14 12] [14 12] [14 11] [14 11] [15 11] [15 11] 
[15 11] [15 11] [15 10] [16 10] [16 10] [16 10] [16 10] 
[17 9] [17 9] [17 9] [17 9] [17 8] [17 8] [17 8] 
[17 8] [17 8] [17 8] [18 7] [18 7] [18 7] [18 7] 
[18 7] [18 7] [18 6] [18 6] [19 6] [19 6] [19 6] 
[19 5] [20 5] [20 5] [20 5] [20 5] [21 5] [21 5] 
[21 5] [21 5] [22 5] [22 5] [22 5] [22 5] [22 5] 
[22 5] [22 5] [23 5] [23 5] [23 5] [23 5] [23 6] 
[23 6] [23 6] [23 6] [23 6] [23 7] [23 7] [23 7] 
[23 7] [23 8] [23 8] [23 8] [24 8] [24 8] [24 7] 
[24 8] [24 7] [23 7] [23 7] [23 6] [23 6] [23 6] 
[23 6] [22 6] [22 6] [22 6] [22 5] [22 5] [21 5] 
[21 5] [21 5] [22 5] [22 5] [22 5] [22 5] [22 5] 
[22 5] [22 5] [23 5] [23 5] [23 5] [23 5] [23 5] 
[24 5] [24 5] [24 6] [24 6] [24 6] [25 6] [25 6] 
[25 6] [25 7] [25 7] [25 7] [25 7] [25 8] [25 8] 
[25 8] [25 8] [25 8] [25 8] [25 8] [25 8] [25 8] 
[25 8] [25 8] [25 7] [25 7] [25 7] [25 7] [25 7] 
[25 6] [25 6] [26 6] [26 6] [26 6] [26 6] [26 6] 
[26 7] [26 7] [26 7] [26 7] [26 8] [25 8] [25 8] 
[25 8] [25 8] [25 8] [25 8] [24 9] [24 9] [24 9] 
[24 9] [24 10] [24 10] [24 10] [24 10] [23 10] [23 11] 
[23 11] [23 11] [23 11] [23 11] [23 12] [23 12] [22 12] 
[22 12] [22 12] [22 13] [22 13] [21 13] [21 13] [21 13] 
[21 14] [21 14] [21 14] [20 14] [21 14] [20 14] [20 15] 
[20 15] [20 15] [20 15] [19 15] [19 15] [19 15] [20 15] 
[20 15] [20 15] [20 15] [20 15] [20 15] [21 14] [21 14] 
[21 14] [21 14] [22 13] [22 13] [22 13] [22 12] [22 12] 
[23 12] [23 12] [23 11] [23 11] [23 11] [24 11] [24 11] 
[24 10] [24 10] [24 10] [25 10] [25 10] [25 10] [24 10] 
[24 11] [24 11] [24 11] [24 11] [24 11] [23 11] [23 11] 
[23 11] [23 11] [22 11] [22 12] [22 12] [22 12] [22 12] 
[22 12] [22 13] [21 13] [21 13] [21 13] [21 13] [21 13] 
[21 13] [20 13] [20 13] [20 13] [20 13] [20 14] [20 14] 
[20 14] [20 14] [20 14] [20 15] [19 15] [19 15] [19 15] 
[19 15] [19 15] [19 15] [19 16] [19 16] [19 16] [19 16] 
[19 17] [19 17] [19 18] [19 19] [19 19] [19 19] [19 20] 
[19 20] [19 21] [19 21] [19 21] [19 21] [19 22] [19 22] 
[19 22] [18 22] [18 22] [18 22] [18 22] [17 22] [17 22] 
[17 23] [17 23] [17 23] [17 23] [17 23] [17 24] [17 24] 
[16 24] [16 24] [16 24] [16 24] [16 24] [15 25] [15 25] 
[15 25] [15 25] [15 25] [14 25] [14 25] [14 25] [14 25] 
[13 25] [13 25] [13 25] [13 25] [12 25] [12 25] [12 25] 
[12 25] [11 25] [11 25] [11 25] [11 25] [11 25] [11 25] 
[10 25] [10 25] [10 25] [9 25] [9 25] [9 25] [9 25] 
[9 24] [9 24] [9 24] [9 24] [8 24] [8 24] [8 24] 
[8 24] [8 24] [7 23] [7 23] [7 23] [7 23] [7 22] 
[6 22] [6 22] [6 22] [6 22] [6 21] [6 21] [6 20] 
[6 20] [6 20] [6 20] [6 20] [5 20] [5 19] [5 19] 
[5 19] [5 19] [5 19] [5 18] [5 19] [5 19] [5 19] 
[5 19] [5 19] [5 19] [5 19] [5 20] [5 20] [5 20] 
[5 20] [5 20] [5 20] [5 20] [5 20] [5 20] [5 21] 
[5 21] [5 21] [5 21] [5 21] [5 21] [6 20] [6 20] 
[6 20] [6 21] [6 21] [6 21] [5 21] [5 22] [5 21] 
[6 21] [6 21] [6 22] [6 22] [6 21] [5 21] [5 21] 
[5 20] [5 20] [5 20] [5 20] [5 20] [4 20] [4 19] 
[5 19] [5 19] [5 19] [5 19] [5 18] [5 18] [5 18] 
[5 18] [5 17] [5 17] [5 17] [5 16] [5 16] [5 16] 
[5 16] [5 15] [5 15] [5 15] [5 15] [5 15] [5 15] 
[5 15] [5 14] [5 14] [5 14] [5 14] [5 13] [5 13] 
[5 13] [5 13] [5 13] [6 12] [6 12] [6 12] [6 12] 
[6 12] [7 11] [7 11] [7 11] [7 11] [7 11] [7 11] 

		Begin Printing Seed information

Seed point: 8 11 	Path 0 20 	User path 0 110 0

Seed point: 22 5 	Path 21 27 	User path 110 163 110

Seed point: 25 8 	Path 28 32 	User path 163 233 163

Seed point: 24 11 	Path 33 42 	User path 233 267 233

Seed point: 19 15 	Path 43 53 	User path 267 298 267

Seed point: 17 23 	Path 54 64 	User path 298 342 298

Seed point: 8 24 	Path 65 69 	User path 342 402 342

Seed point: 6 22 	Path 70 82 	User path 402 414 402

Seed point: 5 19 	Path 83 87 	User path 414 434 414

Seed point: 5 15 	Path 88 94 	User path 434 455 434

Seed point: 7 11 	Path 95 95 	User path 455 455 455

---------------------

Print path: 



[8 11] [9 11] [10 11] [11 11] [12 11] [13 11] [14 11] 
[14 10] [15 10] [15 9] [16 9] [16 8] [17 8] [17 7] 
[18 7] [18 6] [19 6] [20 6] [20 5] [21 5] [22 5] 
[22 5] [22 6] [22 7] [22 8] [23 8] [24 8] [25 8] 
[25 8] [24 8] [24 9] [24 10] [24 11] [24 11] [23 11] 
[22 11] [21 11] [20 11] [20 12] [20 13] [20 14] [19 14] 
[19 15] [19 15] [19 16] [19 17] [18 17] [18 18] [18 19] 
[18 20] [18 21] [18 22] [17 22] [17 23] [17 23] [16 23] 
[16 24] [15 24] [14 24] [13 24] [12 24] [11 24] [10 24] 
[9 24] [8 24] [8 24] [7 24] [6 24] [6 23] [6 22] 
[6 22] [7 22] [7 21] [8 21] [8 20] [8 19] [7 19] 
[7 18] [7 17] [6 17] [5 17] [5 18] [5 19] [5 19] 
[5 18] [5 17] [5 16] [5 15] [5 15] [5 14] [5 13] 
[5 12] [5 11] [6 11] [7 11] [7 11] 

